{
  "stats": {
    "suites": 2,
    "tests": 1,
    "passes": 1,
    "pending": 0,
    "failures": 0,
    "start": "2023-11-09T18:50:43.586Z",
    "end": "2023-11-09T18:50:53.394Z",
    "duration": 9808,
    "testsRegistered": 1,
    "passPercent": 100,
    "pendingPercent": 0,
    "other": 0,
    "hasOther": false,
    "skipped": 0,
    "hasSkipped": false
  },
  "results": [
    {
      "uuid": "e6865cb9-51e2-45e7-8d26-9d8bf1b6a21c",
      "title": "",
      "fullFile": "cypress\\e2e\\authenticator_spec.cy.js",
      "file": "cypress\\e2e\\authenticator_spec.cy.js",
      "beforeHooks": [],
      "afterHooks": [],
      "tests": [],
      "suites": [
        {
          "uuid": "dcd780e5-239c-4ba6-b15a-13fb592a471a",
          "title": "Authenticator:",
          "fullFile": "",
          "file": "",
          "beforeHooks": [],
          "afterHooks": [],
          "tests": [],
          "suites": [
            {
              "uuid": "09b3b6b4-698f-4a58-989b-a92b889a3ce7",
              "title": "Sign In:",
              "fullFile": "",
              "file": "",
              "beforeHooks": [],
              "afterHooks": [],
              "tests": [
                {
                  "title": "allows a user to signin",
                  "fullTitle": "Authenticator: Sign In: allows a user to signin",
                  "timedOut": null,
                  "duration": 6645,
                  "state": "passed",
                  "speed": "medium",
                  "pass": true,
                  "fail": false,
                  "pending": false,
                  "context": null,
                  "code": "// Step 2: Take an action (Sign in)\n// cy.get(selectors.usernameInput).type(\"testapp\");\ncy.get('input[autocomplete=\"username\"]').type(\"testapp\");\n// cy.get(selectors.signInPasswordInput).type(\"password\");\ncy.get('input[autocomplete=\"current-password\"]').type(\"password\");\n// cy.get(selectors.signInButton).contains('Sign in').click();\ncy.get('.amplify-button').contains('Sign in').click();\ncy.wait(3000);\n// Step 3: Make an assertion (Check for sign-out text)\n// cy.get(selectors.signOutButton).contains('Sign out');\ncy.contains('button', 'Sign out');",
                  "err": {},
                  "uuid": "d915a8c5-090c-4b9b-a23c-e27871420033",
                  "parentUUID": "09b3b6b4-698f-4a58-989b-a92b889a3ce7",
                  "isHook": false,
                  "skipped": false
                }
              ],
              "suites": [],
              "passes": [
                "d915a8c5-090c-4b9b-a23c-e27871420033"
              ],
              "failures": [],
              "pending": [],
              "skipped": [],
              "duration": 6645,
              "root": false,
              "rootEmpty": false,
              "_timeout": 2000
            }
          ],
          "passes": [],
          "failures": [],
          "pending": [],
          "skipped": [],
          "duration": 0,
          "root": false,
          "rootEmpty": false,
          "_timeout": 2000
        }
      ],
      "passes": [],
      "failures": [],
      "pending": [],
      "skipped": [],
      "duration": 0,
      "root": true,
      "rootEmpty": true,
      "_timeout": 2000
    }
  ],
  "meta": {
    "mocha": {
      "version": "7.0.1"
    },
    "mochawesome": {
      "options": {
        "quiet": false,
        "reportFilename": "mochawesome",
        "saveHtml": true,
        "saveJson": true,
        "consoleReporter": "spec",
        "useInlineDiffs": false,
        "code": true
      },
      "version": "7.1.3"
    },
    "marge": {
      "options": {
        "reportDir": "cypress/report/mochawesome-report",
        "overwrite": false,
        "html": true,
        "timestamp": "mmddyyyy_HHMMss"
      },
      "version": "6.2.0"
    }
  }
}